c:\users\windows\documents\github\mafia-gangs\mafia gangs\mafia gangs\x64\debug\vc143.pdb
c:\users\windows\documents\github\mafia-gangs\mafia gangs\mafia gangs\x64\debug\vc143.idb
c:\users\windows\documents\github\mafia-gangs\mafia gangs\mafia gangs\x64\debug\window.obj
c:\users\windows\documents\github\mafia-gangs\mafia gangs\mafia gangs\x64\debug\text.obj
c:\users\windows\documents\github\mafia-gangs\mafia gangs\mafia gangs\x64\debug\source.obj
c:\users\windows\documents\github\mafia-gangs\mafia gangs\mafia gangs\x64\debug\settings.obj
c:\users\windows\documents\github\mafia-gangs\mafia gangs\mafia gangs\x64\debug\screenvisibility.obj
c:\users\windows\documents\github\mafia-gangs\mafia gangs\mafia gangs\x64\debug\rect.obj
c:\users\windows\documents\github\mafia-gangs\mafia gangs\mafia gangs\x64\debug\menu.obj
c:\users\windows\documents\github\mafia-gangs\mafia gangs\mafia gangs\x64\debug\loading.obj
c:\users\windows\documents\github\mafia-gangs\mafia gangs\mafia gangs\x64\debug\hud.obj
c:\users\windows\documents\github\mafia-gangs\mafia gangs\mafia gangs\x64\debug\gamemanager.obj
c:\users\windows\documents\github\mafia-gangs\mafia gangs\mafia gangs\x64\debug\game.obj
c:\users\windows\documents\github\mafia-gangs\mafia gangs\mafia gangs\x64\debug\dialog.obj
c:\users\windows\documents\github\mafia-gangs\mafia gangs\mafia gangs\x64\debug\collisionmap.obj
c:\users\windows\documents\github\mafia-gangs\mafia gangs\mafia gangs\x64\debug\button.obj
c:\users\windows\documents\github\mafia-gangs\mafia gangs\x64\debug\mafia gangs.exe
c:\users\windows\documents\github\mafia-gangs\mafia gangs\mafia gangs\x64\debug\mafia gangs.ilk
c:\users\windows\documents\github\mafia-gangs\mafia gangs\x64\debug\mafia gangs.pdb
c:\users\windows\documents\github\mafia-gangs\mafia gangs\mafia gangs\x64\debug\button.nativecodeanalysis.xml
c:\users\windows\documents\github\mafia-gangs\mafia gangs\mafia gangs\x64\debug\collisionmap.nativecodeanalysis.xml
c:\users\windows\documents\github\mafia-gangs\mafia gangs\mafia gangs\x64\debug\dialog.nativecodeanalysis.xml
c:\users\windows\documents\github\mafia-gangs\mafia gangs\mafia gangs\x64\debug\game.nativecodeanalysis.xml
c:\users\windows\documents\github\mafia-gangs\mafia gangs\mafia gangs\x64\debug\gamemanager.nativecodeanalysis.xml
c:\users\windows\documents\github\mafia-gangs\mafia gangs\mafia gangs\x64\debug\hud.nativecodeanalysis.xml
c:\users\windows\documents\github\mafia-gangs\mafia gangs\mafia gangs\x64\debug\loading.nativecodeanalysis.xml
c:\users\windows\documents\github\mafia-gangs\mafia gangs\mafia gangs\x64\debug\menu.nativecodeanalysis.xml
c:\users\windows\documents\github\mafia-gangs\mafia gangs\mafia gangs\x64\debug\rect.nativecodeanalysis.xml
c:\users\windows\documents\github\mafia-gangs\mafia gangs\mafia gangs\x64\debug\screenvisibility.nativecodeanalysis.xml
c:\users\windows\documents\github\mafia-gangs\mafia gangs\mafia gangs\x64\debug\settings.nativecodeanalysis.xml
c:\users\windows\documents\github\mafia-gangs\mafia gangs\mafia gangs\x64\debug\source.nativecodeanalysis.xml
c:\users\windows\documents\github\mafia-gangs\mafia gangs\mafia gangs\x64\debug\text.nativecodeanalysis.xml
c:\users\windows\documents\github\mafia-gangs\mafia gangs\mafia gangs\x64\debug\vc.nativecodeanalysis.all.xml
c:\users\windows\documents\github\mafia-gangs\mafia gangs\mafia gangs\x64\debug\window.nativecodeanalysis.xml
c:\users\windows\documents\github\mafia-gangs\mafia gangs\mafia gangs\x64\debug\mafia gangs.tlog\cl.command.1.tlog
c:\users\windows\documents\github\mafia-gangs\mafia gangs\mafia gangs\x64\debug\mafia gangs.tlog\cl.read.1.tlog
c:\users\windows\documents\github\mafia-gangs\mafia gangs\mafia gangs\x64\debug\mafia gangs.tlog\cl.write.1.tlog
c:\users\windows\documents\github\mafia-gangs\mafia gangs\mafia gangs\x64\debug\mafia gangs.tlog\link.command.1.tlog
c:\users\windows\documents\github\mafia-gangs\mafia gangs\mafia gangs\x64\debug\mafia gangs.tlog\link.read.1.tlog
c:\users\windows\documents\github\mafia-gangs\mafia gangs\mafia gangs\x64\debug\mafia gangs.tlog\link.write.1.tlog
